<?xml version="1.0" encoding="UTF-8"?>
<!-- Generated by org.testng.reporters.JUnitReportReporter -->
<testsuite hostname="DESKTOP-1CCS179" failures="0" tests="1" name="cucumberOptions.TestRunner" time="0.063" errors="0" timestamp="2024-01-13T09:39:41 IST" skipped="0">
  <testcase classname="cucumberOptions.TestRunner" name="runScenario" time="0.063"/>
</testsuite> <!-- cucumberOptions.TestRunner -->
